0 info it worked if it ends with ok
1 verbose cli [ '/usr/bin/nodejs', '/usr/bin/npm', 'update', '-g', 'ionic' ]
2 info using npm@1.3.10
3 info using node@v0.10.25
4 verbose cache add [ 'ionic', '*' ]
5 verbose cache add name="ionic" spec="*" args=["ionic","*"]
6 verbose parsed url { protocol: null,
6 verbose parsed url   slashes: null,
6 verbose parsed url   auth: null,
6 verbose parsed url   host: null,
6 verbose parsed url   port: null,
6 verbose parsed url   hostname: null,
6 verbose parsed url   hash: null,
6 verbose parsed url   search: null,
6 verbose parsed url   query: null,
6 verbose parsed url   pathname: '*',
6 verbose parsed url   path: '*',
6 verbose parsed url   href: '*' }
7 verbose addNamed [ 'ionic', '*' ]
8 verbose addNamed [ null, '*' ]
9 silly lockFile bf13f592-ionic ionic@*
10 verbose lock ionic@* /home/chan/.npm/bf13f592-ionic.lock
11 silly addNameRange { name: 'ionic', range: '*', hasData: false }
12 verbose url raw ionic
13 verbose url resolving [ 'https://registry.npmjs.org/', './ionic' ]
14 verbose url resolved https://registry.npmjs.org/ionic
15 info trying registry request attempt 1 at 15:17:02
16 verbose etag "8HFNBBSET63MBEO8XXWPA114H"
17 http GET https://registry.npmjs.org/ionic
18 http 200 https://registry.npmjs.org/ionic
19 silly registry.get cb [ 200,
19 silly registry.get   { date: 'Mon, 05 Jan 2015 08:17:03 GMT',
19 silly registry.get     server: 'CouchDB/1.5.0 (Erlang OTP/R16B03)',
19 silly registry.get     etag: '"A5JUBCD6WZ7YB41YFK8SJASKS"',
19 silly registry.get     'content-type': 'application/json',
19 silly registry.get     'cache-control': 'max-age=60',
19 silly registry.get     'content-length': '175557',
19 silly registry.get     'accept-ranges': 'bytes',
19 silly registry.get     via: '1.1 varnish',
19 silly registry.get     age: '30',
19 silly registry.get     'x-served-by': 'cache-lax1434-LAX',
19 silly registry.get     'x-cache': 'HIT',
19 silly registry.get     'x-cache-hits': '1',
19 silly registry.get     'x-timer': 'S1420445823.981471,VS0,VE0',
19 silly registry.get     vary: 'Accept',
19 silly registry.get     'keep-alive': 'timeout=10, max=50',
19 silly registry.get     connection: 'Keep-Alive' } ]
20 silly addNameRange number 2 { name: 'ionic', range: '*', hasData: true }
21 silly addNameRange versions [ 'ionic',
21 silly addNameRange   [ '0.9.6',
21 silly addNameRange     '0.9.8',
21 silly addNameRange     '0.9.9',
21 silly addNameRange     '0.9.10',
21 silly addNameRange     '0.9.11',
21 silly addNameRange     '0.9.12',
21 silly addNameRange     '0.9.13',
21 silly addNameRange     '0.9.14',
21 silly addNameRange     '0.9.15',
21 silly addNameRange     '0.9.16',
21 silly addNameRange     '1.0.0-beta.1',
21 silly addNameRange     '1.0.0-beta',
21 silly addNameRange     '1.0.1-beta',
21 silly addNameRange     '1.0.3-beta',
21 silly addNameRange     '1.0.4',
21 silly addNameRange     '1.0.5',
21 silly addNameRange     '1.0.6',
21 silly addNameRange     '1.0.7',
21 silly addNameRange     '1.0.8',
21 silly addNameRange     '1.0.9',
21 silly addNameRange     '1.0.10',
21 silly addNameRange     '1.0.11',
21 silly addNameRange     '1.0.12',
21 silly addNameRange     '1.0.13',
21 silly addNameRange     '1.0.14',
21 silly addNameRange     '1.0.15',
21 silly addNameRange     '1.0.16',
21 silly addNameRange     '1.0.17',
21 silly addNameRange     '1.1.0-beta1',
21 silly addNameRange     '1.1.0-beta2',
21 silly addNameRange     '1.1.0-beta3',
21 silly addNameRange     '1.1.0-beta4',
21 silly addNameRange     '1.1.0-beta5',
21 silly addNameRange     '1.1.0-beta6',
21 silly addNameRange     '1.1.0',
21 silly addNameRange     '1.1.1-beta1',
21 silly addNameRange     '1.1.1-beta2',
21 silly addNameRange     '1.1.1-beta3',
21 silly addNameRange     '1.1.1',
21 silly addNameRange     '1.1.3',
21 silly addNameRange     '1.1.4',
21 silly addNameRange     '1.1.5-beta1',
21 silly addNameRange     '1.1.5-beta2',
21 silly addNameRange     '1.1.5-beta3',
21 silly addNameRange     '1.1.5-beta4',
21 silly addNameRange     '1.1.5-beta5',
21 silly addNameRange     '1.1.5',
21 silly addNameRange     '1.1.6',
21 silly addNameRange     '1.1.7-beta1',
21 silly addNameRange     '1.1.7',
21 silly addNameRange     '1.1.8-beta1',
21 silly addNameRange     '1.1.8-beta2',
21 silly addNameRange     '1.1.8-beta3',
21 silly addNameRange     '1.1.8-beta4',
21 silly addNameRange     '1.1.8-beta5',
21 silly addNameRange     '1.1.8',
21 silly addNameRange     '1.1.9-beta1',
21 silly addNameRange     '1.1.9',
21 silly addNameRange     '1.1.10',
21 silly addNameRange     '1.1.11-beta1',
21 silly addNameRange     '1.1.11-beta2',
21 silly addNameRange     '1.1.11',
21 silly addNameRange     '1.1.12-beta1',
21 silly addNameRange     '1.1.12-beta2',
21 silly addNameRange     '1.1.12-beta3',
21 silly addNameRange     '1.1.12',
21 silly addNameRange     '1.1.13',
21 silly addNameRange     '1.1.14-beta1',
21 silly addNameRange     '1.1.14-beta2',
21 silly addNameRange     '1.1.14-beta3',
21 silly addNameRange     '1.2.0-beta1',
21 silly addNameRange     '1.2.0',
21 silly addNameRange     '1.2.1-beta1',
21 silly addNameRange     '1.2.1-beta2',
21 silly addNameRange     '1.2.1-beta3',
21 silly addNameRange     '1.2.1-beta4',
21 silly addNameRange     '1.2.1',
21 silly addNameRange     '1.2.2',
21 silly addNameRange     '1.2.3-beta1',
21 silly addNameRange     '1.2.3-beta2',
21 silly addNameRange     '1.2.3-beta3',
21 silly addNameRange     '1.2.3',
21 silly addNameRange     '1.2.4-beta1',
21 silly addNameRange     '1.2.4-beta2',
21 silly addNameRange     '1.2.4-beta3',
21 silly addNameRange     '1.2.4',
21 silly addNameRange     '1.2.5-beta1',
21 silly addNameRange     '1.2.5-beta2',
21 silly addNameRange     '1.2.5-beta3',
21 silly addNameRange     '1.2.5',
21 silly addNameRange     '1.2.6-beta1',
21 silly addNameRange     '1.2.6-beta2',
21 silly addNameRange     '1.2.6-beta3',
21 silly addNameRange     '1.2.6',
21 silly addNameRange     '1.2.7',
21 silly addNameRange     '1.2.8-beta1',
21 silly addNameRange     '1.2.8-beta2',
21 silly addNameRange     '1.2.8',
21 silly addNameRange     '1.2.9',
21 silly addNameRange     '1.2.10',
21 silly addNameRange     '1.2.11',
21 silly addNameRange     '1.2.12',
21 silly addNameRange     '1.2.13',
21 silly addNameRange     '1.2.14-beta1',
21 silly addNameRange     '1.2.14-beta2',
21 silly addNameRange     '1.2.14-beta3',
21 silly addNameRange     '1.2.14-beta4',
21 silly addNameRange     '1.2.14-beta5',
21 silly addNameRange     '1.2.14-beta6',
21 silly addNameRange     '1.2.14' ] ]
22 verbose addNamed [ 'ionic', '1.2.14' ]
23 verbose addNamed [ '1.2.14', '1.2.14' ]
24 silly lockFile 1f4bf3f8-ionic-1-2-14 ionic@1.2.14
25 verbose lock ionic@1.2.14 /home/chan/.npm/1f4bf3f8-ionic-1-2-14.lock
26 silly lockFile 3ecf7fb1-npmjs-org-ionic-ionic-1-2-14-tgz https://registry.npmjs.org/ionic/-/ionic-1.2.14.tgz
27 verbose lock https://registry.npmjs.org/ionic/-/ionic-1.2.14.tgz /home/chan/.npm/3ecf7fb1-npmjs-org-ionic-ionic-1-2-14-tgz.lock
28 verbose addRemoteTarball [ 'https://registry.npmjs.org/ionic/-/ionic-1.2.14.tgz',
28 verbose addRemoteTarball   'd7c404d2f4ca85a987c636ed289a8004b48b97b3' ]
29 info retry fetch attempt 1 at 15:17:07
30 verbose fetch to= /home/chan/tmp/npm-5017-V9H5AI2-/1420445827160-0.9419525999110192/tmp.tgz
31 http GET https://registry.npmjs.org/ionic/-/ionic-1.2.14.tgz
32 http 200 https://registry.npmjs.org/ionic/-/ionic-1.2.14.tgz
33 verbose tar unpack /home/chan/tmp/npm-5017-V9H5AI2-/1420445827160-0.9419525999110192/tmp.tgz
34 silly lockFile bf95d5bf-27160-0-9419525999110192-package tar:///home/chan/tmp/npm-5017-V9H5AI2-/1420445827160-0.9419525999110192/package
35 verbose lock tar:///home/chan/tmp/npm-5017-V9H5AI2-/1420445827160-0.9419525999110192/package /home/chan/.npm/bf95d5bf-27160-0-9419525999110192-package.lock
36 silly lockFile 7c82836e-27160-0-9419525999110192-tmp-tgz tar:///home/chan/tmp/npm-5017-V9H5AI2-/1420445827160-0.9419525999110192/tmp.tgz
37 verbose lock tar:///home/chan/tmp/npm-5017-V9H5AI2-/1420445827160-0.9419525999110192/tmp.tgz /home/chan/.npm/7c82836e-27160-0-9419525999110192-tmp-tgz.lock
38 silly gunzTarPerm modes [ '755', '644' ]
39 silly gunzTarPerm extractEntry package.json
40 silly gunzTarPerm extractEntry .npmignore
41 silly gunzTarPerm extractEntry README.md
42 silly gunzTarPerm extractEntry LICENSE
43 silly gunzTarPerm extractEntry .gitattributes
44 silly gunzTarPerm extractEntry .jscs.json
45 silly gunzTarPerm extractEntry CHANGELOG.md
46 silly gunzTarPerm extractEntry bin/ionic
47 silly gunzTarPerm extractEntry lib/ionic.js
48 silly gunzTarPerm extractEntry lib/hooks/after_prepare/010_add_platform_class.js
49 silly gunzTarPerm extractEntry lib/ionic/add.js
50 silly gunzTarPerm extractEntry lib/ionic/cordova.js
51 silly gunzTarPerm extractEntry lib/ionic/lib.js
52 silly gunzTarPerm extractEntry lib/ionic/login.js
53 silly gunzTarPerm extractEntry lib/ionic/config.js
54 silly gunzTarPerm extractEntry lib/ionic/app.js
55 silly gunzTarPerm extractEntry lib/ionic/store.js
56 silly gunzTarPerm extractEntry lib/ionic/serve.js
57 silly gunzTarPerm extractEntry lib/ionic/service.js
58 silly gunzTarPerm extractEntry lib/ionic/setup.js
59 silly gunzTarPerm extractEntry lib/ionic/bower.js
60 silly gunzTarPerm extractEntry lib/ionic/start.js
61 silly gunzTarPerm extractEntry lib/ionic/task.js
62 silly gunzTarPerm extractEntry lib/ionic/stats.js
63 silly gunzTarPerm extractEntry lib/ionic/package.js
64 silly gunzTarPerm extractEntry lib/ionic/upload.js
65 silly gunzTarPerm extractEntry lib/ionic/project.js
66 silly gunzTarPerm extractEntry lib/ionic/resources/generate.js
67 silly gunzTarPerm extractEntry lib/ionic/resources/settings.js
68 silly gunzTarPerm extractEntry lib/ionic/assets/preview.html
69 silly gunzTarPerm extractEntry npm-shrinkwrap.json
70 silly lockFile bf95d5bf-27160-0-9419525999110192-package tar:///home/chan/tmp/npm-5017-V9H5AI2-/1420445827160-0.9419525999110192/package
71 silly lockFile bf95d5bf-27160-0-9419525999110192-package tar:///home/chan/tmp/npm-5017-V9H5AI2-/1420445827160-0.9419525999110192/package
72 silly lockFile 7c82836e-27160-0-9419525999110192-tmp-tgz tar:///home/chan/tmp/npm-5017-V9H5AI2-/1420445827160-0.9419525999110192/tmp.tgz
73 silly lockFile 7c82836e-27160-0-9419525999110192-tmp-tgz tar:///home/chan/tmp/npm-5017-V9H5AI2-/1420445827160-0.9419525999110192/tmp.tgz
74 verbose tar pack [ '/home/chan/.npm/ionic/1.2.14/package.tgz',
74 verbose tar pack   '/home/chan/tmp/npm-5017-V9H5AI2-/1420445827160-0.9419525999110192/package' ]
75 verbose tarball /home/chan/.npm/ionic/1.2.14/package.tgz
76 verbose folder /home/chan/tmp/npm-5017-V9H5AI2-/1420445827160-0.9419525999110192/package
77 silly lockFile bf95d5bf-27160-0-9419525999110192-package tar:///home/chan/tmp/npm-5017-V9H5AI2-/1420445827160-0.9419525999110192/package
78 verbose lock tar:///home/chan/tmp/npm-5017-V9H5AI2-/1420445827160-0.9419525999110192/package /home/chan/.npm/bf95d5bf-27160-0-9419525999110192-package.lock
79 silly lockFile 3cd98d4b-han-npm-ionic-1-2-14-package-tgz tar:///home/chan/.npm/ionic/1.2.14/package.tgz
80 verbose lock tar:///home/chan/.npm/ionic/1.2.14/package.tgz /home/chan/.npm/3cd98d4b-han-npm-ionic-1-2-14-package-tgz.lock
81 silly lockFile bf95d5bf-27160-0-9419525999110192-package tar:///home/chan/tmp/npm-5017-V9H5AI2-/1420445827160-0.9419525999110192/package
82 silly lockFile bf95d5bf-27160-0-9419525999110192-package tar:///home/chan/tmp/npm-5017-V9H5AI2-/1420445827160-0.9419525999110192/package
83 silly lockFile 3cd98d4b-han-npm-ionic-1-2-14-package-tgz tar:///home/chan/.npm/ionic/1.2.14/package.tgz
84 silly lockFile 3cd98d4b-han-npm-ionic-1-2-14-package-tgz tar:///home/chan/.npm/ionic/1.2.14/package.tgz
85 silly lockFile 042de479-me-chan-npm-ionic-1-2-14-package /home/chan/.npm/ionic/1.2.14/package
86 verbose lock /home/chan/.npm/ionic/1.2.14/package /home/chan/.npm/042de479-me-chan-npm-ionic-1-2-14-package.lock
87 silly lockFile 042de479-me-chan-npm-ionic-1-2-14-package /home/chan/.npm/ionic/1.2.14/package
88 silly lockFile 042de479-me-chan-npm-ionic-1-2-14-package /home/chan/.npm/ionic/1.2.14/package
89 verbose tar unpack /home/chan/.npm/ionic/1.2.14/package.tgz
90 silly lockFile 857d8ee3-me-chan-npm-ionic-1-2-14-package tar:///home/chan/.npm/ionic/1.2.14/package
91 verbose lock tar:///home/chan/.npm/ionic/1.2.14/package /home/chan/.npm/857d8ee3-me-chan-npm-ionic-1-2-14-package.lock
92 silly lockFile 3cd98d4b-han-npm-ionic-1-2-14-package-tgz tar:///home/chan/.npm/ionic/1.2.14/package.tgz
93 verbose lock tar:///home/chan/.npm/ionic/1.2.14/package.tgz /home/chan/.npm/3cd98d4b-han-npm-ionic-1-2-14-package-tgz.lock
94 silly gunzTarPerm modes [ '755', '644' ]
95 silly gunzTarPerm extractEntry package.json
96 silly gunzTarPerm extractEntry .npmignore
97 silly gunzTarPerm extractEntry README.md
98 silly gunzTarPerm extractEntry LICENSE
99 silly gunzTarPerm extractEntry .gitattributes
100 silly gunzTarPerm extractEntry .jscs.json
101 silly gunzTarPerm extractEntry CHANGELOG.md
102 silly gunzTarPerm extractEntry bin/ionic
103 silly gunzTarPerm extractEntry lib/ionic.js
104 silly gunzTarPerm extractEntry lib/hooks/after_prepare/010_add_platform_class.js
105 silly gunzTarPerm extractEntry lib/ionic/add.js
106 silly gunzTarPerm extractEntry lib/ionic/cordova.js
107 silly gunzTarPerm extractEntry lib/ionic/lib.js
108 silly gunzTarPerm extractEntry lib/ionic/login.js
109 silly gunzTarPerm extractEntry lib/ionic/config.js
110 silly gunzTarPerm extractEntry lib/ionic/app.js
111 silly gunzTarPerm extractEntry lib/ionic/store.js
112 silly gunzTarPerm extractEntry lib/ionic/serve.js
113 silly gunzTarPerm extractEntry lib/ionic/service.js
114 silly gunzTarPerm extractEntry lib/ionic/setup.js
115 silly gunzTarPerm extractEntry lib/ionic/bower.js
116 silly gunzTarPerm extractEntry lib/ionic/start.js
117 silly gunzTarPerm extractEntry lib/ionic/task.js
118 silly gunzTarPerm extractEntry lib/ionic/stats.js
119 silly gunzTarPerm extractEntry lib/ionic/package.js
120 silly gunzTarPerm extractEntry lib/ionic/upload.js
121 silly gunzTarPerm extractEntry lib/ionic/project.js
122 silly gunzTarPerm extractEntry lib/ionic/resources/generate.js
123 silly gunzTarPerm extractEntry lib/ionic/resources/settings.js
124 silly gunzTarPerm extractEntry lib/ionic/assets/preview.html
125 silly gunzTarPerm extractEntry npm-shrinkwrap.json
126 silly lockFile 857d8ee3-me-chan-npm-ionic-1-2-14-package tar:///home/chan/.npm/ionic/1.2.14/package
127 silly lockFile 857d8ee3-me-chan-npm-ionic-1-2-14-package tar:///home/chan/.npm/ionic/1.2.14/package
128 silly lockFile 3cd98d4b-han-npm-ionic-1-2-14-package-tgz tar:///home/chan/.npm/ionic/1.2.14/package.tgz
129 silly lockFile 3cd98d4b-han-npm-ionic-1-2-14-package-tgz tar:///home/chan/.npm/ionic/1.2.14/package.tgz
130 verbose chmod /home/chan/.npm/ionic/1.2.14/package.tgz 644
131 verbose chown /home/chan/.npm/ionic/1.2.14/package.tgz [ 1000, 1000 ]
132 silly lockFile 3ecf7fb1-npmjs-org-ionic-ionic-1-2-14-tgz https://registry.npmjs.org/ionic/-/ionic-1.2.14.tgz
133 silly lockFile 3ecf7fb1-npmjs-org-ionic-ionic-1-2-14-tgz https://registry.npmjs.org/ionic/-/ionic-1.2.14.tgz
134 silly lockFile 1f4bf3f8-ionic-1-2-14 ionic@1.2.14
135 silly lockFile 1f4bf3f8-ionic-1-2-14 ionic@1.2.14
136 silly lockFile bf13f592-ionic ionic@*
137 silly lockFile bf13f592-ionic ionic@*
138 info outdated updating [ [ '/usr/local/lib', 'ionic', '1.2.5', '1.2.14', '*' ] ]
139 verbose install where,what [ '/usr/local/lib', [ 'ionic@1.2.14' ] ]
140 verbose cache add [ 'ionic@1.2.14', null ]
141 verbose cache add name=undefined spec="ionic@1.2.14" args=["ionic@1.2.14",null]
142 verbose parsed url { protocol: null,
142 verbose parsed url   slashes: null,
142 verbose parsed url   auth: null,
142 verbose parsed url   host: null,
142 verbose parsed url   port: null,
142 verbose parsed url   hostname: null,
142 verbose parsed url   hash: null,
142 verbose parsed url   search: null,
142 verbose parsed url   query: null,
142 verbose parsed url   pathname: 'ionic@1.2.14',
142 verbose parsed url   path: 'ionic@1.2.14',
142 verbose parsed url   href: 'ionic@1.2.14' }
143 verbose cache add name="ionic" spec="1.2.14" args=["ionic","1.2.14"]
144 verbose parsed url { protocol: null,
144 verbose parsed url   slashes: null,
144 verbose parsed url   auth: null,
144 verbose parsed url   host: null,
144 verbose parsed url   port: null,
144 verbose parsed url   hostname: null,
144 verbose parsed url   hash: null,
144 verbose parsed url   search: null,
144 verbose parsed url   query: null,
144 verbose parsed url   pathname: '1.2.14',
144 verbose parsed url   path: '1.2.14',
144 verbose parsed url   href: '1.2.14' }
145 verbose addNamed [ 'ionic', '1.2.14' ]
146 verbose addNamed [ '1.2.14', '1.2.14' ]
147 silly lockFile 1f4bf3f8-ionic-1-2-14 ionic@1.2.14
148 verbose lock ionic@1.2.14 /home/chan/.npm/1f4bf3f8-ionic-1-2-14.lock
149 verbose url raw ionic/1.2.14
150 verbose url resolving [ 'https://registry.npmjs.org/', './ionic/1.2.14' ]
151 verbose url resolved https://registry.npmjs.org/ionic/1.2.14
152 info trying registry request attempt 1 at 15:17:10
153 http GET https://registry.npmjs.org/ionic/1.2.14
154 http 200 https://registry.npmjs.org/ionic/1.2.14
155 silly registry.get cb [ 200,
155 silly registry.get   { date: 'Mon, 05 Jan 2015 08:17:10 GMT',
155 silly registry.get     server: 'CouchDB/1.5.0 (Erlang OTP/R16B03)',
155 silly registry.get     etag: '"A5JUBCD6WZ7YB41YFK8SJASKS"',
155 silly registry.get     'content-type': 'application/json',
155 silly registry.get     'cache-control': 'max-age=60',
155 silly registry.get     'content-length': '1628',
155 silly registry.get     'accept-ranges': 'bytes',
155 silly registry.get     via: '1.1 varnish',
155 silly registry.get     age: '20',
155 silly registry.get     'x-served-by': 'cache-lax1420-LAX',
155 silly registry.get     'x-cache': 'HIT',
155 silly registry.get     'x-cache-hits': '1',
155 silly registry.get     'x-timer': 'S1420445830.993723,VS0,VE0',
155 silly registry.get     vary: 'Accept',
155 silly registry.get     'keep-alive': 'timeout=10, max=50',
155 silly registry.get     connection: 'Keep-Alive' } ]
156 silly lockFile 3ecf7fb1-npmjs-org-ionic-ionic-1-2-14-tgz https://registry.npmjs.org/ionic/-/ionic-1.2.14.tgz
157 verbose lock https://registry.npmjs.org/ionic/-/ionic-1.2.14.tgz /home/chan/.npm/3ecf7fb1-npmjs-org-ionic-ionic-1-2-14-tgz.lock
158 verbose addRemoteTarball [ 'https://registry.npmjs.org/ionic/-/ionic-1.2.14.tgz',
158 verbose addRemoteTarball   'd7c404d2f4ca85a987c636ed289a8004b48b97b3' ]
159 info retry fetch attempt 1 at 15:17:11
160 verbose fetch to= /home/chan/tmp/npm-5017-V9H5AI2-/1420445831136-0.3035544336307794/tmp.tgz
161 http GET https://registry.npmjs.org/ionic/-/ionic-1.2.14.tgz
162 http 200 https://registry.npmjs.org/ionic/-/ionic-1.2.14.tgz
163 verbose tar unpack /home/chan/tmp/npm-5017-V9H5AI2-/1420445831136-0.3035544336307794/tmp.tgz
164 silly lockFile 98c3abc8-31136-0-3035544336307794-package tar:///home/chan/tmp/npm-5017-V9H5AI2-/1420445831136-0.3035544336307794/package
165 verbose lock tar:///home/chan/tmp/npm-5017-V9H5AI2-/1420445831136-0.3035544336307794/package /home/chan/.npm/98c3abc8-31136-0-3035544336307794-package.lock
166 silly lockFile 82d04313-31136-0-3035544336307794-tmp-tgz tar:///home/chan/tmp/npm-5017-V9H5AI2-/1420445831136-0.3035544336307794/tmp.tgz
167 verbose lock tar:///home/chan/tmp/npm-5017-V9H5AI2-/1420445831136-0.3035544336307794/tmp.tgz /home/chan/.npm/82d04313-31136-0-3035544336307794-tmp-tgz.lock
168 silly gunzTarPerm modes [ '755', '644' ]
169 silly gunzTarPerm extractEntry package.json
170 silly gunzTarPerm extractEntry .npmignore
171 silly gunzTarPerm extractEntry README.md
172 silly gunzTarPerm extractEntry LICENSE
173 silly gunzTarPerm extractEntry .gitattributes
174 silly gunzTarPerm extractEntry .jscs.json
175 silly gunzTarPerm extractEntry CHANGELOG.md
176 silly gunzTarPerm extractEntry bin/ionic
177 silly gunzTarPerm extractEntry lib/ionic.js
178 silly gunzTarPerm extractEntry lib/hooks/after_prepare/010_add_platform_class.js
179 silly gunzTarPerm extractEntry lib/ionic/add.js
180 silly gunzTarPerm extractEntry lib/ionic/cordova.js
181 silly gunzTarPerm extractEntry lib/ionic/lib.js
182 silly gunzTarPerm extractEntry lib/ionic/login.js
183 silly gunzTarPerm extractEntry lib/ionic/config.js
184 silly gunzTarPerm extractEntry lib/ionic/app.js
185 silly gunzTarPerm extractEntry lib/ionic/store.js
186 silly gunzTarPerm extractEntry lib/ionic/serve.js
187 silly gunzTarPerm extractEntry lib/ionic/service.js
188 silly gunzTarPerm extractEntry lib/ionic/setup.js
189 silly gunzTarPerm extractEntry lib/ionic/bower.js
190 silly gunzTarPerm extractEntry lib/ionic/start.js
191 silly gunzTarPerm extractEntry lib/ionic/task.js
192 silly gunzTarPerm extractEntry lib/ionic/stats.js
193 silly gunzTarPerm extractEntry lib/ionic/package.js
194 silly gunzTarPerm extractEntry lib/ionic/upload.js
195 silly gunzTarPerm extractEntry lib/ionic/project.js
196 silly gunzTarPerm extractEntry lib/ionic/resources/generate.js
197 silly gunzTarPerm extractEntry lib/ionic/resources/settings.js
198 silly gunzTarPerm extractEntry lib/ionic/assets/preview.html
199 silly gunzTarPerm extractEntry npm-shrinkwrap.json
200 silly lockFile 98c3abc8-31136-0-3035544336307794-package tar:///home/chan/tmp/npm-5017-V9H5AI2-/1420445831136-0.3035544336307794/package
201 silly lockFile 98c3abc8-31136-0-3035544336307794-package tar:///home/chan/tmp/npm-5017-V9H5AI2-/1420445831136-0.3035544336307794/package
202 silly lockFile 82d04313-31136-0-3035544336307794-tmp-tgz tar:///home/chan/tmp/npm-5017-V9H5AI2-/1420445831136-0.3035544336307794/tmp.tgz
203 silly lockFile 82d04313-31136-0-3035544336307794-tmp-tgz tar:///home/chan/tmp/npm-5017-V9H5AI2-/1420445831136-0.3035544336307794/tmp.tgz
204 verbose tar pack [ '/home/chan/.npm/ionic/1.2.14/package.tgz',
204 verbose tar pack   '/home/chan/tmp/npm-5017-V9H5AI2-/1420445831136-0.3035544336307794/package' ]
205 verbose tarball /home/chan/.npm/ionic/1.2.14/package.tgz
206 verbose folder /home/chan/tmp/npm-5017-V9H5AI2-/1420445831136-0.3035544336307794/package
207 silly lockFile 98c3abc8-31136-0-3035544336307794-package tar:///home/chan/tmp/npm-5017-V9H5AI2-/1420445831136-0.3035544336307794/package
208 verbose lock tar:///home/chan/tmp/npm-5017-V9H5AI2-/1420445831136-0.3035544336307794/package /home/chan/.npm/98c3abc8-31136-0-3035544336307794-package.lock
209 silly lockFile 3cd98d4b-han-npm-ionic-1-2-14-package-tgz tar:///home/chan/.npm/ionic/1.2.14/package.tgz
210 verbose lock tar:///home/chan/.npm/ionic/1.2.14/package.tgz /home/chan/.npm/3cd98d4b-han-npm-ionic-1-2-14-package-tgz.lock
211 silly lockFile 98c3abc8-31136-0-3035544336307794-package tar:///home/chan/tmp/npm-5017-V9H5AI2-/1420445831136-0.3035544336307794/package
212 silly lockFile 98c3abc8-31136-0-3035544336307794-package tar:///home/chan/tmp/npm-5017-V9H5AI2-/1420445831136-0.3035544336307794/package
213 silly lockFile 3cd98d4b-han-npm-ionic-1-2-14-package-tgz tar:///home/chan/.npm/ionic/1.2.14/package.tgz
214 silly lockFile 3cd98d4b-han-npm-ionic-1-2-14-package-tgz tar:///home/chan/.npm/ionic/1.2.14/package.tgz
215 silly lockFile 042de479-me-chan-npm-ionic-1-2-14-package /home/chan/.npm/ionic/1.2.14/package
216 verbose lock /home/chan/.npm/ionic/1.2.14/package /home/chan/.npm/042de479-me-chan-npm-ionic-1-2-14-package.lock
217 silly lockFile 042de479-me-chan-npm-ionic-1-2-14-package /home/chan/.npm/ionic/1.2.14/package
218 silly lockFile 042de479-me-chan-npm-ionic-1-2-14-package /home/chan/.npm/ionic/1.2.14/package
219 verbose tar unpack /home/chan/.npm/ionic/1.2.14/package.tgz
220 silly lockFile 857d8ee3-me-chan-npm-ionic-1-2-14-package tar:///home/chan/.npm/ionic/1.2.14/package
221 verbose lock tar:///home/chan/.npm/ionic/1.2.14/package /home/chan/.npm/857d8ee3-me-chan-npm-ionic-1-2-14-package.lock
222 silly lockFile 3cd98d4b-han-npm-ionic-1-2-14-package-tgz tar:///home/chan/.npm/ionic/1.2.14/package.tgz
223 verbose lock tar:///home/chan/.npm/ionic/1.2.14/package.tgz /home/chan/.npm/3cd98d4b-han-npm-ionic-1-2-14-package-tgz.lock
224 silly gunzTarPerm modes [ '755', '644' ]
225 silly gunzTarPerm extractEntry package.json
226 silly gunzTarPerm extractEntry .npmignore
227 silly gunzTarPerm extractEntry README.md
228 silly gunzTarPerm extractEntry LICENSE
229 silly gunzTarPerm extractEntry .gitattributes
230 silly gunzTarPerm extractEntry .jscs.json
231 silly gunzTarPerm extractEntry CHANGELOG.md
232 silly gunzTarPerm extractEntry bin/ionic
233 silly gunzTarPerm extractEntry lib/ionic.js
234 silly gunzTarPerm extractEntry lib/hooks/after_prepare/010_add_platform_class.js
235 silly gunzTarPerm extractEntry lib/ionic/add.js
236 silly gunzTarPerm extractEntry lib/ionic/cordova.js
237 silly gunzTarPerm extractEntry lib/ionic/lib.js
238 silly gunzTarPerm extractEntry lib/ionic/login.js
239 silly gunzTarPerm extractEntry lib/ionic/config.js
240 silly gunzTarPerm extractEntry lib/ionic/app.js
241 silly gunzTarPerm extractEntry lib/ionic/store.js
242 silly gunzTarPerm extractEntry lib/ionic/serve.js
243 silly gunzTarPerm extractEntry lib/ionic/service.js
244 silly gunzTarPerm extractEntry lib/ionic/setup.js
245 silly gunzTarPerm extractEntry lib/ionic/bower.js
246 silly gunzTarPerm extractEntry lib/ionic/start.js
247 silly gunzTarPerm extractEntry lib/ionic/task.js
248 silly gunzTarPerm extractEntry lib/ionic/stats.js
249 silly gunzTarPerm extractEntry lib/ionic/package.js
250 silly gunzTarPerm extractEntry lib/ionic/upload.js
251 silly gunzTarPerm extractEntry lib/ionic/project.js
252 silly gunzTarPerm extractEntry lib/ionic/resources/generate.js
253 silly gunzTarPerm extractEntry lib/ionic/resources/settings.js
254 silly gunzTarPerm extractEntry lib/ionic/assets/preview.html
255 silly gunzTarPerm extractEntry npm-shrinkwrap.json
256 silly lockFile 857d8ee3-me-chan-npm-ionic-1-2-14-package tar:///home/chan/.npm/ionic/1.2.14/package
257 silly lockFile 857d8ee3-me-chan-npm-ionic-1-2-14-package tar:///home/chan/.npm/ionic/1.2.14/package
258 silly lockFile 3cd98d4b-han-npm-ionic-1-2-14-package-tgz tar:///home/chan/.npm/ionic/1.2.14/package.tgz
259 silly lockFile 3cd98d4b-han-npm-ionic-1-2-14-package-tgz tar:///home/chan/.npm/ionic/1.2.14/package.tgz
260 verbose chmod /home/chan/.npm/ionic/1.2.14/package.tgz 644
261 verbose chown /home/chan/.npm/ionic/1.2.14/package.tgz [ 1000, 1000 ]
262 silly lockFile 3ecf7fb1-npmjs-org-ionic-ionic-1-2-14-tgz https://registry.npmjs.org/ionic/-/ionic-1.2.14.tgz
263 silly lockFile 3ecf7fb1-npmjs-org-ionic-ionic-1-2-14-tgz https://registry.npmjs.org/ionic/-/ionic-1.2.14.tgz
264 silly lockFile 1f4bf3f8-ionic-1-2-14 ionic@1.2.14
265 silly lockFile 1f4bf3f8-ionic-1-2-14 ionic@1.2.14
266 silly resolved [ { name: 'ionic',
266 silly resolved     version: '1.2.14',
266 silly resolved     preferGlobal: true,
266 silly resolved     description: 'A tool for creating and developing Ionic Framework mobile apps.',
266 silly resolved     homepage: 'http://ionicframework.com/',
266 silly resolved     bin: { ionic: 'bin/ionic' },
266 silly resolved     keywords:
266 silly resolved      [ 'ionic',
266 silly resolved        'ionic framework',
266 silly resolved        'ionicframework',
266 silly resolved        'mobile',
266 silly resolved        'app',
266 silly resolved        'hybrid',
266 silly resolved        'cordova',
266 silly resolved        'phonegap' ],
266 silly resolved     repository:
266 silly resolved      { type: 'git',
266 silly resolved        url: 'https://github.com/driftyco/ionic-cli.git' },
266 silly resolved     contributors: [ [Object], [Object], [Object], [Object] ],
266 silly resolved     license: 'MIT',
266 silly resolved     dependencies:
266 silly resolved      { archiver: '0.5.1',
266 silly resolved        colors: '0.6.2',
266 silly resolved        connect: '3.1.1',
266 silly resolved        'connect-livereload': '0.4.0',
266 silly resolved        crc: '3.2.1',
266 silly resolved        'cross-spawn': '0.2.3',
266 silly resolved        'event-stream': '3.0.x',
266 silly resolved        finalhandler: '0.2.0',
266 silly resolved        'form-data': '0.1.4',
266 silly resolved        gulp: '3.8.8',
266 silly resolved        ncp: '0.4.2',
266 silly resolved        npm: '2.1.3',
266 silly resolved        open: '0.0.5',
266 silly resolved        optimist: '0.6.0',
266 silly resolved        prompt: '0.2.12',
266 silly resolved        progress: '1.1.7',
266 silly resolved        'proxy-middleware': '^0.7.0',
266 silly resolved        q: '1.0.1',
266 silly resolved        request: '2.51.0',
266 silly resolved        'serve-static': '1.7.1',
266 silly resolved        shelljs: '0.2.6',
266 silly resolved        'tiny-lr-fork': '0.0.5',
266 silly resolved        unzip: '0.1.9',
266 silly resolved        'vinyl-fs': '0.3.7',
266 silly resolved        xml2js: '0.4.4',
266 silly resolved        underscore: '~1.7.0' },
266 silly resolved     readme: 'Ionic-Cli\n=========\n\nThe Ionic Framework command line utility makes it easy to start, build, run, and emulate [Ionic](http://ionicframework.com/) apps. In the future, it will also have support for our mobile development services and tools that make Ionic even more powerful.\n\nUse the `ionic --help` command for more detailed task information.\n\n## Installing\n\n```bash\n$ npm install -g ionic\n```\n\n*Note: For a global install of `-g ionic`, OSX/Linux users may need to prefix the command with `sudo`.*\n\n\n## Starting an Ionic App\n\n```bash\n$ ionic start myapp [template]\n```\n\nStarter templates can either come from a named template, a Github repo, a Codepen, or a local directory. A starter template is what becomes the `www` directory within the Cordova project.\n\n__Named template starters:__\n\n* [tabs](https://github.com/driftyco/ionic-starter-tabs) (Default)\n* [sidemenu](https://github.com/driftyco/ionic-starter-sidemenu)\n* [blank](https://github.com/driftyco/ionic-starter-blank)\n\n__Github Repo starters:__\n\n* Any Github repo url, ex: [https://github.com/driftyco/ionic-starter-tabs](https://github.com/driftyco/ionic-starter-tabs)\n* Named templates are simply aliases to Ionic starter repos\n\n__Codepen URL starters:__\n\n* Any Codepen url, ex: [http://codepen.io/ionic/pen/odqCz](http://codepen.io/ionic/pen/odqCz)\n* [Ionic Codepen Demos](http://codepen.io/ionic/public-list/)\n\n__Local directory starters:__\n\n* Relative or absolute path to a local directory\n\n__Command-line flags/options:__\n\n    --appname, -a  .......  Human readable name for the app\n                            (Use quotes around the name)\n    --id, -i  ............  Package name set in the <widget id> config\n                            ex: com.mycompany.myapp\n    --no-cordova, -w  ....  Do not create an app targeted for Cordova\n\n\n## Testing in a Browser\n\nUse `ionic serve` to start a local development server for app dev and testing. This is useful for both desktop browser testing, and to test within a device browser which is connected to the same network. Additionally, this command starts LiveReload which is used to monitor changes in the file system. As soon as you save a file the browser is refreshed automatically. View [Using Sass](https://github.com/driftyco/ionic-cli/blob/master/README.md#using-sass) if you would also like to have `ionic serve` watch the project\'s Sass files.\n\n```bash\n$ ionic serve [options]\n```\n\n__Service Proxies:__\n\nThe `serve` command can add some proxies to the http server. These proxies are useful if you are developing in the browser and you need to make calls to an external API. With this feature you can proxy request to the external api through the ionic http server preventing the `No \'Access-Control-Allow-Origin\' header is present on the requested resource` error.\n\nIn the `ionic.project` file you can add a property with an array of proxies you want to add. The proxies are object with two properties:\n\n* `path`: string that will be matched against the beginning of the incoming request URL.\n* `proxyUrl`: a string with the url of where the proxied request should go.\n\n```json\n{\n  "name": "appname",\n  "email": "",\n  "app_id": "",\n  "proxies": [\n    {\n      "path": "/v1",\n      "proxyUrl": "https://api.instagram.com/v1"\n    }\n  ]\n}\n\n```\n\nUsing the above configuration, you can now make requests to your local server at `http://localhost:8100/v1` to have it proxy out requests to `https://api.instagram.com/v1`\n\nFor example:\n\n```js\nangular.module(\'starter.controllers\', [])\n.constant(\'InstagramApiUrl\', \'\')\n// .contant(\'InstagramApiUrl\',\'https://api.instagram.com\')\n//In production, make this the real URL\n\n.controller(\'FeedCtrl\', function($scope, $http, InstagramApiUrl) {\n\n  $scope.feed = null;\n\n  $http.get(InstagramApiUrl + \'/v1/media/search?client_id=1&lat=48&lng=2.294351\').then(function(data) {\n    console.log(\'data \' , data)\n    $scope.feed = data;\n  })\n\n})\n```\n\nSee also [this gist](https://gist.github.com/jbavari/d9c1c94058c4fdd4e935) for more help.\n\n__Command-line flags/options:__\n\n    [--consolelogs|-c] ......  Print app console logs to Ionic CLI\n    [--serverlogs|-s] .......  Print dev server logs to Ionic CLI\n    [--port|-p] .............  Dev server HTTP port (8100 default)\n    [--livereload-port|-i] ..  Live Reload port (35729 default)\n    [--nobrowser|-b] ........  Disable launching a browser\n    [--nolivereload|-r] .....  Do not start live reload\n    [--noproxy|-x] ..........  Do not add proxies\n\n\n## Adding a platform target\n\n```bash\n$ ionic platform ios android\n```\n\n## Building your app\n\n```bash\n$ ionic build ios\n```\n\n## Live Reload App During Development (beta)\n\nThe `run` or `emulate` command will deploy the app to the specified platform devices/emulators. You can also run __live reload__ on the specified platform device by adding the `--livereload` option. The live reload functionality is similar to `ionic serve`, but instead of developing and debugging an app using a standard browser, the compiled hybrid app itself is watching for any changes to its files and reloading the app when needed. This reduces the requirement to constantly rebuild the app for small changes. However, any changes to plugins will still require a full rebuild. For live reload to work, the dev machine and device must be on the same local network, and the device must support [web sockets](http://caniuse.com/websockets).\n\nWith live reload enabled, an app\'s console logs can also be printed to the terminal/command prompt by including the `--consolelogs` or `-c` option. Additionally, the development server\'s request logs can be printed out using `--serverlogs` or `-s` options.\n\n__Command-line flags/options for `run` and `emulate`:__\n\n    [--livereload|-l] .......  Live Reload app dev files from the device (beta)\n    [--consolelogs|-c] ......  Print app console logs to Ionic CLI (live reload req.)\n    [--serverlogs|-s] .......  Print dev server logs to Ionic CLI (live reload req.)\n    [--port|-p] .............  Dev server HTTP port (8100 default, live reload req.)\n    [--livereload-port|-i] ..  Live Reload port (35729 default, live reload req.)\n    [--debug|--release]\n\nWhile the server is running for live reload, you can use the following commands within the CLI:\n\n    restart or r to restart the client app from the root\n    goto or g and a url to have the app navigate to the given url\n    consolelogs or c to enable/disable console log output\n    serverlogs or s to enable/disable server log output\n    quit or q to shutdown the server and exit\n\n\n## Emulating your app\n\nDeploys the Ionic app on specified platform emulator. This is simply an alias for `run --emulator`.\n\n```bash\n$ ionic emulate ios [options]\n```\n\n\n## Running your app\n\nDeploys the Ionic app on specified platform devices. If a device is not found it\'ll then deploy to an emulator/simulator.\n\n```bash\n$ ionic run ios [options]\n```\n\n## Icon and Splash Screen Image Generation\n\nAutomatically generate icons and splash screens from source images to create each size needed for each platform, in addition to copying each resized and cropped image into each platform\'s resources directory. Source images can either be a `png`, `psd` __Photoshop__ or `ai` __Illustrator__ file. Images are generated using Ionic\'s image resizing and cropping server, instead of requiring special libraries and plugins to be installed locally.\n\nSince each platform has different image requirements, it\'s best to make a source image for the largest size needed, and let the CLI do all the resizing, cropping and copying for you. Newly generated images will be placed in the `resources` directory at the root of the Cordova project. Additionally, the CLI will update and add the correct `<platform>` configs to the project\'s [config.xml](http://cordova.apache.org/docs/en/edge/config_ref_images.md.html#Icons%20and%20Splash%20Screens) file.\n\nDuring the build process, Cordova will look through the project\'s [config.xml](http://cordova.apache.org/docs/en/edge/config_ref_images.md.html#Icons%20and%20Splash%20Screens) file and copy the newly created resource images to the platform\'s specific resource folder. For example, Android\'s resource folder can be found in `platforms/android/res`, and iOS uses `platforms/ios/APP_NAME/Resources`.\n\n\n### Icon Source Image\n\nSave an `icon.png`, `icon.psd` or `icon.ai` file within the `resources` directory at the root of the Cordova project. The icon image\'s minimum dimensions should be 192x192 px, and should have __no__ rounded corners. Note that each platform will apply it\'s own mask and effects to the icons. For example, iOS will automatically apply it\'s custom rounded corners, so the source file should not already come with rounded corners.\n\n```bash\n$ ionic resources --icon\n```\n\n\n### Splash Screen Source Image\n\nSave a `splash.png`, `splash.psd` or `splash.ai` file within the `resources` directory at the root of the Cordova project. Splash screen dimensions vary for each platform, device and orientation, so a square source image is required the generate each of various sizes. The source image\'s minimum dimensions should be 2208x2208 px, and its artwork should be centered within the square, knowning that each generated image will be center cropped into landscape and portait images. The splash screen\'s artwork should roughly fit within a center square (1200x1200 px). This [Photoshop template](http://code.ionicframework.com/resources/splash.psd) provides the recommended size and guidelines of the artwork\'s safe zone.\n\n```bash\n$ ionic resources --splash\n```\n\n- [Photoshop template](http://code.ionicframework.com/resources/splash.psd)\n\n\n### Generating Icons and Splash Screens\n\nTo generate both icons and splash screens, follow the instructions above and run:\n\n```bash\n$ ionic resources\n```\n\n### Platform Specific Resource Images\n\nOne source image can be used to generate images for each platform by placing the file within the `resources` directory, such as `resources/icon.png`. To use different source images for individual platforms, place the source image in the respective platform\'s directory. For example, to use a different icon for Android, it should follow this path: `resources/android/icon.png`, and a different image for iOS would use this path: `resources/ios/icon.png`.\n\n\n## Update Ionic lib\n\nUpdate Ionic library files, which are found in the `www/lib/ionic` directory. If bower is being used\nby the project, this command will automatically run `bower update ionic`, otherwise this command updates\nthe local static files from Ionic\'s CDN.\n\n```bash\n$ ionic lib update\n```\n*Note: Using bower? This command does not update Ionic\'s dependencies. Run `bower update` to update Ionic and all of it\'s dependencies defined in `bower.json`.*\n\n## Packaging an app (beta)\n\nUsing Ionic\'s service, you can compile and package your project into an app-store ready app without\nrequiring native SDKs on your machine.\n\n```bash\n$ ionic package debug android\n```\n\nThe third argument can be either `debug` or `release`, and the last argument can be either `android` or `ios`.\n\n\n## Cordova Commands\n\nIonic uses Cordova underneath, so you can also substitute Cordova commands to prepare/build/emulate/run, or to add additional plugins.\n\n*Note: we occasionally send anonymous usage statistics to the Ionic team to make the tool better.*\n\n## Working around proxies\n\nIf you have a proxy you need to get around, you can pass that proxy with the default `http_proxy` [node environment variable](https://www.npmjs.org/doc/misc/npm-config.html#proxy) or an environment variable `proxy`.\n\nA few ways to set up and use the environment variable:\n\n```bash\nexport http_proxy=internal.proxy.com\n# Or\nexport PROXY=internal.proxy.com\n\nionic start my_app\n\n# Additionally, pass in line\nPROXY=internal.proxy.com ionic start my_app\n```\n\n\n## Using Sass\n\nBy default, starter projects are hooked up to Ionic\'s precompiled CSS file, which is found in the project\'s `www/lib/ionic/css` directory, and is linked to the app in the head of the root `index.html` file. However, Ionic projects can also be customized using [Sass](http://sass-lang.com/), which gives developers and designers "superpowers" in terms of creating and maintaining CSS. Below are two ways to setup Sass for your Ionic project (the `ionic setup sass` command simply does the manual steps for you). Once Sass has been setup for your Ionic project, then the `ionic serve` command will also watch for Sass changes.\n\n#### Setup Sass Automatically\n\n    ionic setup sass\n\n\n#### Setup Sass Manually\n\n1. Run `npm install` from the working directory of an Ionic project. This will install [gulp.js](http://gulpjs.com/) and a few handy tasks, such as [gulp-sass](https://www.npmjs.org/package/gulp-sass) and [gulp-minify-css](https://www.npmjs.org/package/gulp-minify-css).\n2. Remove `<link href="lib/ionic/css/ionic.css" rel="stylesheet">` from the `<head>` of the root `index.html` file.\n3. Remove `<link href="css/style.css" rel="stylesheet">` from the `<head>` of the root `index.html` file.\n4. Add `<link href="css/ionic.app.css" rel="stylesheet">` to the `<head>` of the root `index.html` file.\n5. In the `ionic.project` file, add the JavaScript property `"gulpStartupTasks": ["sass", "watch"]` (this can also be customized to whatever gulp tasks you\'d like).\n',
266 silly resolved     readmeFilename: 'README.md',
266 silly resolved     bugs: { url: 'https://github.com/driftyco/ionic-cli/issues' },
266 silly resolved     _id: 'ionic@1.2.14',
266 silly resolved     dist: { shasum: '5f4234c4dc62c09166c4718770f92ba7b0c29edf' },
266 silly resolved     _from: 'ionic@1.2.14',
266 silly resolved     _resolved: 'https://registry.npmjs.org/ionic/-/ionic-1.2.14.tgz' } ]
267 info install ionic@1.2.14 into /usr/local/lib
268 info installOne ionic@1.2.14
269 info /usr/local/lib/node_modules/ionic unbuild
270 info preuninstall ionic@1.2.5
271 info uninstall ionic@1.2.5
272 verbose true,/usr/local/lib/node_modules,/usr/local/lib/node_modules unbuild ionic@1.2.5
273 verbose /usr/local/bin,[object Object] binRoot
274 info /usr/local/lib/node_modules/ionic unbuild
275 info preuninstall ionic@1.2.5
276 info uninstall ionic@1.2.5
277 verbose true,/usr/local/lib/node_modules,/usr/local/lib/node_modules unbuild ionic@1.2.5
278 verbose /usr/local/bin,[object Object] binRoot
279 error error rolling back Error: EACCES, unlink '/usr/local/bin/ionic'
279 error error rolling back  ionic@1.2.14 { [Error: EACCES, unlink '/usr/local/bin/ionic'] errno: 3, code: 'EACCES', path: '/usr/local/bin/ionic' }
280 error Error: EACCES, unlink '/usr/local/bin/ionic'
280 error  { [Error: EACCES, unlink '/usr/local/bin/ionic'] errno: 3, code: 'EACCES', path: '/usr/local/bin/ionic' }
281 error Please try running this command again as root/Administrator.
282 error System Linux 3.13.0-37-generic
283 error command "/usr/bin/nodejs" "/usr/bin/npm" "update" "-g" "ionic"
284 error cwd /home/chan/PhoneGap/teritory
285 error node -v v0.10.25
286 error npm -v 1.3.10
287 error path /usr/local/bin/ionic
288 error code EACCES
289 error errno 3
290 error stack Error: EACCES, unlink '/usr/local/bin/ionic'
291 verbose exit [ 3, true ]
